<?xml version="1.0" encoding="UTF-8"?>
<testng-results ignored="0" total="1" passed="1" failed="0" skipped="0">
  <reporter-output>
  </reporter-output>
  <suite started-at="2022-09-15T16:06:01 IST" name="Default suite" finished-at="2022-09-15T16:06:14 IST" duration-ms="13158">
    <groups>
    </groups>
    <test started-at="2022-09-15T16:06:01 IST" name="Default test" finished-at="2022-09-15T16:06:14 IST" duration-ms="13158">
      <class name="TestNgpro.Assertion_Demo">
        <test-method signature="ChromTest()[pri:0, instance:TestNgpro.Assertion_Demo@5a56cdac]" started-at="2022-09-15T16:06:01 IST" name="ChromTest" finished-at="2022-09-15T16:06:14 IST" duration-ms="12995" status="PASS">
          <reporter-output>
          </reporter-output>
        </test-method> <!-- ChromTest -->
      </class> <!-- TestNgpro.Assertion_Demo -->
    </test> <!-- Default test -->
  </suite> <!-- Default suite -->
</testng-results>
