<?xml version="1.0" encoding="UTF-8"?>
<!-- Generated by org.testng.reporters.JUnitXMLReporter -->
<testsuite ignored="0" hostname="saurabh-PC" failures="1" tests="14" name="itest" time="0.23" errors="0" timestamp="2022-08-19T13:16:55 IST">
  <testcase classname="TestNgpro.ItestListnerExample" name="testMethod1" time="0.023"/>
  <testcase classname="TestNgpro.ItestListnerExample" name="testMethod2" time="0.009">
    <skipped/>
  </testcase> <!-- testMethod2 -->
  <testcase classname="TestNgpro.ItestListnerExample" name="testMethod2" time="0.009">
    <skipped/>
  </testcase> <!-- testMethod2 -->
  <testcase classname="TestNgpro.ItestListnerExample" name="testMethod2" time="0.013">
    <skipped/>
  </testcase> <!-- testMethod2 -->
  <testcase classname="TestNgpro.ItestListnerExample" name="testMethod2" time="0.003">
    <skipped/>
  </testcase> <!-- testMethod2 -->
  <testcase classname="TestNgpro.ItestListnerExample" name="testMethod2" time="0.004">
    <failure type="java.lang.AssertionError" message="expected [11] but found [10]">
      <![CDATA[java.lang.AssertionError: expected [11] but found [10]
at TestNgpro.ItestListnerExample.testMethod2(ItestListnerExample.java:23)
at java.base/java.util.ArrayList.forEach(ArrayList.java:1511)
... Removed 33 stack frames]]>
    </failure>
  </testcase> <!-- testMethod2 -->
  <testcase classname="TestNgpro.ItestListnerExample" name="testMethod3" time="0.004">
    <skipped/>
  </testcase> <!-- testMethod3 -->
  <testcase classname="TestNgpro.ItestListnerExample" name="testMethod4" time="0.004">
    <skipped/>
  </testcase> <!-- testMethod4 -->
  <testcase classname="TestNgpro.ItestListnerExample" name="testMethod4" time="0.003">
    <skipped/>
  </testcase> <!-- testMethod4 -->
  <testcase classname="TestNgpro.ItestListnerExample" name="testMethod4" time="0.007"/>
  <testcase classname="TestNgpro.ItestListnerExample" name="testMethod4" time="0.005"/>
  <testcase classname="TestNgpro.ItestListnerExample" name="testMethod4" time="0.01"/>
  <testcase classname="TestNgpro.ItestListnerExample" name="testMethod4" time="0.007"/>
  <testcase classname="TestNgpro.ItestListnerExample" name="testMethod4" time="0.003"/>
</testsuite> <!-- itest -->
